make all -f /home/jp/WIP/GITRepos/wsl-repository/Makefile --print-data-base --no-builtin-variables --no-builtin-rules --question
# GNU Make 4.2.1
# Built for x86_64-pc-linux-gnu
# Copyright (C) 1988-2016 Free Software Foundation, Inc.
# License GPLv3+: GNU GPL version 3 or later <http://gnu.org/licenses/gpl.html>
# This is free software: you are free to change and redistribute it.
# There is NO WARRANTY, to the extent permitted by law.

# Make data base, printed on Sat Sep  3 22:53:17 2022

# Variables

# automatic
<D = $(patsubst %/,%,$(dir $<))
# automatic
?F = $(notdir $?)
# environment
WSLENV = VSCODE_WSL_EXT_LOCATION/up
# default
.SHELLFLAGS := -c
# environment
VSCODE_LOG_NATIVE = false
# automatic
?D = $(patsubst %/,%,$(dir $?))
# automatic
@D = $(patsubst %/,%,$(dir $@))
# automatic
@F = $(notdir $@)
# makefile
CURDIR := /home/jp/WIP/GITRepos/wsl-repository
# makefile
SHELL = /bin/sh
# environment
VSCODE_NLS_CONFIG = {"locale":"en","availableLanguages":{}}
# environment
_ = /usr/bin/sh
# makefile (from '/home/jp/WIP/GITRepos/wsl-repository/Makefile', line 1)
MAKEFILE_LIST :=  /home/jp/WIP/GITRepos/wsl-repository/Makefile
# 'override' directive
GNUMAKEFLAGS := 
# environment
VSCODE_VERBOSE_LOGGING = true
# makefile (from '/home/jp/WIP/GITRepos/wsl-repository/Makefile', line 13)
OBJS = $(CXXTESTDIR)/CxxTestRunner.o $(TESTS:$(CXXTESTDIR)/%.h=$(CXXTESTDIR)/%.o)
# makefile (from '/home/jp/WIP/GITRepos/wsl-repository/Makefile', line 12)
TESTS = $(wildcard $(CXXTESTDIR)/*Suite.h)
# environment
VSCODE_CWD = /mnt/c/Program Files/Microsoft VS Code
# default
MAKE_HOST := x86_64-pc-linux-gnu
# environment
PATH = /home/jp/.vscode-server/bin/c3511e6c69bb39013c4a4b7b9566ec1ca73fc4d5/bin/remote-cli:/usr/local/sbin:/usr/local/bin:/usr/sbin:/usr/bin:/sbin:/bin:/usr/games:/usr/local/games:/usr/lib/wsl/lib:/mnt/c/Program Files/Python/Python310/Scripts/:/mnt/c/Program Files/Python/Python310/:/mnt/c/Program Files/Eclipse Foundation/jdk-8.0.302.8-hotspot/bin:/mnt/c/WINDOWS/system32:/mnt/c/WINDOWS:/mnt/c/WINDOWS/System32/Wbem:/mnt/c/WINDOWS/System32/WindowsPowerShell/v1.0/:/mnt/c/WINDOWS/System32/OpenSSH/:/mnt/c/Program Files/mingw-w64/x86_64-8.1.0-posix-seh-rt_v6-rev0/mingw64/bin:/mnt/c/Program Files/mingw-w64/x86_64-8.1.0-win32-seh-rt_v6-rev0/mingw64/bin:/mnt/c/Program Files/Microsoft SQL Server/130/Tools/Binn/:/mnt/c/MinGW/bin:/mnt/c/Program Files/dotnet/:/mnt/c/Program Files/PuTTY/:/mnt/c/Program Files/Microsoft SQL Server/Client SDK/ODBC/170/Tools/Binn/:/mnt/c/Program Files/Microsoft VS Code/bin:/mnt/c/Program Files/Git/cmd:/mnt/c/Program Files (x86)/dotnet/:/mnt/c/Program Files (x86)/Google/Cloud SDK/google-cloud-sdk/bin:/mnt/c/Users/jayap/AppData/Roaming/Python/Python310/Scripts:/mnt/c/Users/jayap/AppData/Local/Microsoft/WindowsApps:/mnt/c/Users/jayap/AppData/Local/atom/bin:/mnt/c/Users/jayap/AppData/Local/GitHubDesktop/bin:/mnt/c/msys64/mingw64/bin:/mnt/c/Program Files/CMake/bin:/mnt/c/Users/jayap/AppData/Local/Microsoft/WindowsApps:/mnt/c/Users/jayap/.dotnet/tools:/mnt/c/Program Files/JetBrains/PyCharm Community Edition 2020.3.3/bin:/mnt/c/WinPython64/WPy64-3910
# makefile (from '/home/jp/WIP/GITRepos/wsl-repository/Makefile', line 8)
CXXTESTDIR = ./CxxTests
# environment
VSCODE_LOG_STACK = false
# environment
VSCODE_IPC_HOOK_CLI = /tmp/vscode-ipc-aa84d9ba-0e11-404f-884c-f4fdb5a69f74.sock
# default
.FEATURES := target-specific order-only second-expansion else-if shortest-stem undefine oneshell archives jobserver output-sync check-symlink load
# automatic
%F = $(notdir $%)
# environment
VSCODE_PIPE_LOGGING = true
# environment
PWD = /home/jp/WIP/GITRepos/wsl-repository
# default
.LOADED := 
# environment
WSL_INTEROP = /run/WSL/3533_interop
# environment
VSCODE_AMD_ENTRYPOINT = vs/workbench/api/node/extensionHostProcess
# environment
HOME = /home/jp
# makefile (from '/home/jp/WIP/GITRepos/wsl-repository/Makefile', line 9)
CXXTESTGEN = cxxtestgen
# environment
LOGNAME = jp
# environment
APPLICATION_INSIGHTS_NO_DIAGNOSTIC_CHANNEL = true
# environment
VSCODE_HANDLES_UNCAUGHT_ERRORS = true
# automatic
^D = $(patsubst %/,%,$(dir $^))
# environment
MAKELEVEL := 0
# default
MAKE = $(MAKE_COMMAND)
# default
MAKECMDGOALS := all
# environment
SHLVL = 0
# default
MAKE_VERSION := 4.2.1
# environment
USER = jp
# makefile
.DEFAULT_GOAL := all
# environment
NAME = JP-WIN10
# automatic
%D = $(patsubst %/,%,$(dir $%))
# environment
VSCODE_WSL_EXT_LOCATION = /mnt/c/Users/jayap/.vscode/extensions/ms-vscode-remote.remote-wsl-0.66.3
# default
MAKE_COMMAND := make
# default
.VARIABLES := 
# automatic
*F = $(notdir $*)
# makefile
MAKEFLAGS = pqrR
# environment
MFLAGS = -pqrR
# automatic
*D = $(patsubst %/,%,$(dir $*))
# automatic
+D = $(patsubst %/,%,$(dir $+))
# makefile (from '/home/jp/WIP/GITRepos/wsl-repository/Makefile', line 10)
CXXTESTFLAGS = --have-eh --abort-on-fail
# automatic
+F = $(notdir $+)
# environment
VSCODE_HANDLES_SIGPIPE = true
# default
MAKEFILES := 
# automatic
<F = $(notdir $<)
# environment
LC_ALL = C
# environment
HOSTTYPE = x86_64
# automatic
^F = $(notdir $^)
# default
SUFFIXES := 
# default
.INCLUDE_DIRS = /usr/include /usr/local/include /usr/include
# default
.RECIPEPREFIX := 
# environment
LANG = C
# environment
TERM = xterm-256color
# environment
VSCODE_EXTHOST_WILL_SEND_SOCKET = true
# environment
WSL_DISTRO_NAME = Ubuntu
# variable set hash-table stats:
# Load=68/1024=7%, Rehash=0, Collisions=8/109=7%

# Pattern-specific Variable Values

# No pattern-specific variable values.

# Directories

# CxxTests (device 2064, inode 1565): 12 files, no impossibilities.
# ./CxxTests (device 2064, inode 1565): 12 files, no impossibilities.

# 24 files, no impossibilities in 2 directories.

# Implicit Rules

%.o: %.cpp
#  recipe to execute (from '/home/jp/WIP/GITRepos/wsl-repository/Makefile', line 23):
	$(CXX) -c -o $@ $^

CxxTests/%.cpp: CxxTests/%.h
#  recipe to execute (from '/home/jp/WIP/GITRepos/wsl-repository/Makefile', line 26):
	$(CXXTESTGEN) $(CXXTESTFLAGS) --part -o $@ $^

# 2 implicit rules, 0 (0.0%) terminal.

# Files

# Not a target:
CxxTests/CxxTest1Suite.o:
#  Implicit rule search has not been done.
#  Modification time never checked.
#  File has not been updated.

all: CxxTests
#  Phony target (prerequisite of .PHONY).
#  Command line target.
#  Implicit rule search has not been done.
#  File does not exist.
#  File has been updated.
#  Needs to be updated (-q is set).
# variable set hash-table stats:
# Load=0/32=0%, Rehash=0, Collisions=0/5=0%

.PHONY: all clean
#  Implicit rule search has not been done.
#  Modification time never checked.
#  File has not been updated.

# Not a target:
CxxTests/CxxTest2Suite.o:
#  Implicit rule search has not been done.
#  Modification time never checked.
#  File has not been updated.

# Not a target:
.SUFFIXES:
#  Implicit rule search has not been done.
#  Modification time never checked.
#  File has not been updated.

# Not a target:
/home/jp/WIP/GITRepos/wsl-repository/Makefile:
#  Implicit rule search has been done.
#  Last modified 2021-10-02 00:24:39.7180557
#  File has been updated.
#  Successfully updated.

CxxTests/CxxTestRunner.cpp:
#  Implicit rule search has not been done.
#  Implicit/static pattern stem: ''
#  File does not exist.
#  File has been updated.
#  Needs to be updated (-q is set).
# automatic
# @ := CxxTests/CxxTestRunner.cpp
# automatic
# % := 
# automatic
# * := 
# automatic
# + := 
# automatic
# | := 
# automatic
# < := 
# automatic
# ^ := 
# automatic
# ? := 
# variable set hash-table stats:
# Load=8/32=25%, Rehash=0, Collisions=1/14=7%
#  recipe to execute (from '/home/jp/WIP/GITRepos/wsl-repository/Makefile', line 29):
	$(CXXTESTGEN) $(CXXTESTFLAGS) --root --error-printer -o $@

# Not a target:
.DEFAULT:
#  Implicit rule search has not been done.
#  Modification time never checked.
#  File has not been updated.

# Not a target:
CxxTests/CxxTest4Suite.o:
#  Implicit rule search has not been done.
#  Modification time never checked.
#  File has not been updated.

clean:
#  Phony target (prerequisite of .PHONY).
#  Implicit rule search has not been done.
#  File does not exist.
#  File has not been updated.
#  recipe to execute (from '/home/jp/WIP/GITRepos/wsl-repository/Makefile', line 6):
	rm -f $(CXXTESTDIR)/*~ $(CXXTESTDIR)/*.cpp $(CXXTESTDIR)/*.o $(CXXTESTDIR)/CxxTestRunner

# Not a target:
CxxTests/CxxTest3Suite.o:
#  Implicit rule search has not been done.
#  Modification time never checked.
#  File has not been updated.

CxxTests: CxxTests/CxxTestRunner
#  Implicit rule search has not been done.
#  Last modified 2022-02-01 13:05:49.2591423
#  File has been updated.
#  Needs to be updated (-q is set).
# variable set hash-table stats:
# Load=0/32=0%, Rehash=0, Collisions=0/5=0%
#  recipe to execute (from '/home/jp/WIP/GITRepos/wsl-repository/Makefile', line 16):
	$(info $$OBJS is [${OBJS}])
	rm -f $(CXXTESTDIR)/*~ $(CXXTESTDIR)/*.cpp $(CXXTESTDIR)/*.o

 
CxxTests/CxxTestRunner.o: CxxTests/CxxTestRunner.cpp
#  Implicit rule search has been done.
#  Implicit/static pattern stem: 'CxxTests/CxxTestRunner'
#  File does not exist.
#  File has been updated.
#  Needs to be updated (-q is set).
# variable set hash-table stats:
# Load=0/32=0%, Rehash=0, Collisions=0/5=0%
#  recipe to execute (from '/home/jp/WIP/GITRepos/wsl-repository/Makefile', line 23):
	$(CXX) -c -o $@ $^

CxxTests/CxxTestRunner: CxxTests/CxxTestRunner.o CxxTests/CxxTest3Suite.o CxxTests/CxxTest2Suite.o CxxTests/CxxTest1Suite.o CxxTests/CxxTest4Suite.o
#  Implicit rule search has not been done.
#  Last modified 2022-01-14 20:26:33.9541001
#  File has been updated.
#  Needs to be updated (-q is set).
# variable set hash-table stats:
# Load=0/32=0%, Rehash=0, Collisions=0/5=0%
#  recipe to execute (from '/home/jp/WIP/GITRepos/wsl-repository/Makefile', line 20):
	$(CXX) -o $@ $^

# files hash-table stats:
# Load=14/1024=1%, Rehash=0, Collisions=0/41=0%
# VPATH Search Paths

# No 'vpath' search paths.

# No general ('VPATH' variable) search path.

# strcache buffers: 1 (0) / strings = 33 / storage = 500 B / avg = 15 B
# current buf: size = 8162 B / used = 500 B / count = 33 / avg = 15 B

# strcache performance: lookups = 52 / hit rate = 36%
# hash-table stats:
# Load=33/8192=0%, Rehash=0, Collisions=1/52=2%
# Finished Make data base on Sat Sep  3 22:53:17 2022

 
